=== delude_dir.sh started at Wed Oct  1 04:20:53 EEST 2025 ===
Target: /Volumes/dotad/MUSIC/tres
Dry-run mode: false
Mount info: /dev/disk7s1 /Volumes/dotad
--- Summary (will run even in destructive mode before changes) ---
Files:       133
Folders:        0
Size: 0.0 bytes (0 bytes)

Top 15 largest items under /Volumes/dotad/MUSIC/tres:
115M	/Volumes/dotad/MUSIC/tres/Channel Tres - (2022) Just Can't Get Enough (single) - 01. Just Can't Get Enough.flac
115M	/Volumes/dotad/MUSIC/tres/Channel Tres - (2022) Just Can't Get Enough (single) - 01. Just Can't Get Enough (1).flac
114M	/Volumes/dotad/MUSIC/tres/Channel Tres - (2023) Real Cultural Shit EP - 03. Just Can't Get Enough.flac
110M	/Volumes/dotad/MUSIC/tres/SG Lewis feat. Charlotte Day Wilson & Channel Tres - (2023) Fever Dreamer (single) - 01. Fever Dreamer.flac
 97M	/Volumes/dotad/MUSIC/tres/Channel Tres - (2022) Acid  Ganzfeld EP - 01. Acid in My Blood.flac
 95M	/Volumes/dotad/MUSIC/tres/Channel Tres - (2022) Acid  Ganzfeld EP - 02. Acid in My Blood (instrumental).flac
 94M	/Volumes/dotad/MUSIC/tres/Channel Tres - (2022) 6am (single) - 01. 6am.flac
 91M	/Volumes/dotad/MUSIC/tres/Channel Tres - (2022) Acid  Ganzfeld EP - 03. Ganzfeld Experiment.flac
 86M	/Volumes/dotad/MUSIC/tres/Channel Tres - (2023) Real Cultural Shit EP - 05. All My Friends.flac
 86M	/Volumes/dotad/MUSIC/tres/Channel Tres - (2023) Real Cultural Shit EP - 05. All My Friends (1).flac
 83M	/Volumes/dotad/MUSIC/tres/Channel Tres - (2023) Real Cultural Shit EP - 01. Sleep When Dead.flac
 83M	/Volumes/dotad/MUSIC/tres/Channel Tres - (2020) i can't go outside EP - 05. fuego.flac
 83M	/Volumes/dotad/MUSIC/tres/Channel Tres - (2020) i can't go outside EP - 05. fuego (1).flac
 82M	/Volumes/dotad/MUSIC/tres/Channel Tres - (2023) Real Cultural Shit EP - 02. 6am.flac
 73M	/Volumes/dotad/MUSIC/tres/Robyn, SG Lewis & Channel Tres - (2020) Impact (Soulwax remix) (single) - 01. Impact (Soulwax remix).flac

Quarantine base: /Volumes/dotad/_quarantine_delude
Will move contents to: /Volumes/dotad/_quarantine_delude/tres-20251001-042054
Preparing quarantine directories...
Moving contents of /Volumes/dotad/MUSIC/tres -> /Volumes/dotad/_quarantine_delude/tres-20251001-042054
Running: mv -v -- /Volumes/dotad/MUSIC/tres/Aaron Childs - (2018) Tangerine (Channel Tres Remix) - Single - 01. Tangerine (Channel Tres Remix).flac /Volumes/dotad/MUSIC/tres/AUGUST 08 - (2019) Blood on My Hands (feat. Smino) [Channel Tres Remix] - Single - 01. Blood on My Hands (feat. Smino) [Channel Tres Remix].flac /Volumes/dotad/MUSIC/tres/Baauer, Channel Tres & Danny Brown - (2019) READY TO GO (single) - 01. READY TO GO (1).flac /Volumes/dotad/MUSIC/tres/Baauer, Channel Tres & Danny Brown - (2019) READY TO GO (single) - 01. READY TO GO.flac /Volumes/dotad/MUSIC/tres/Barney Bones & Channel Tres - (2023) Fashion Week (single) - 01. Fashion Week.flac /Volumes/dotad/MUSIC/tres/bloomy btw - (2022) can't help myself (feat. Channel Tres) - Single - 01. can't help myself (feat. Channel Tres).flac /Volumes/dotad/MUSIC/tres/Channel Tres - (2018) Channel Tres EP - 01. St. Julian (intro).flac /Volumes/dotad/MUSIC/tres/Channel Tres - (2018) Channel Tres EP - 02. Controller.flac /Volumes/dotad/MUSIC/tres/Channel Tres - (2018) Channel Tres EP - 03. Jet Black.flac /Volumes/dotad/MUSIC/tres/Channel Tres - (2018) Channel Tres EP - 04. Topdown (1).flac /Volumes/dotad/MUSIC/tres/Channel Tres - (2018) Channel Tres EP - 04. Topdown.flac /Volumes/dotad/MUSIC/tres/Channel Tres - (2018) Channel Tres EP - 05. Glide.flac /Volumes/dotad/MUSIC/tres/Channel Tres - (2018) Controller (single) - 01. Controller (1).flac /Volumes/dotad/MUSIC/tres/Channel Tres - (2018) Controller (single) - 01. Controller (2).flac /Volumes/dotad/MUSIC/tres/Channel Tres - (2018) Controller (single) - 01. Controller (3).flac /Volumes/dotad/MUSIC/tres/Channel Tres - (2018) Controller (single) - 01. Controller.flac /Volumes/dotad/MUSIC/tres/Channel Tres - (2018) Controller (single) - 02. Controller (clean).flac /Volumes/dotad/MUSIC/tres/Channel Tres - (2018) Controller (single) - 03. Controller (instrumental).flac /Volumes/dotad/MUSIC/tres/Channel Tres - (2018) Glide (single) - 01. Glide (1).flac /Volumes/dotad/MUSIC/tres/Channel Tres - (2018) Glide (single) - 01. Glide.flac /Volumes/dotad/MUSIC/tres/Channel Tres - (2018) Jet Black (single) - 01. Jet Black (1).flac /Volumes/dotad/MUSIC/tres/Channel Tres - (2018) Jet Black (single) - 01. Jet Black.flac /Volumes/dotad/MUSIC/tres/Channel Tres - (2019) Black Moses EP - 01. Orpheus (intro).flac /Volumes/dotad/MUSIC/tres/Channel Tres - (2019) Black Moses EP - 02. Brilliant Nigga.flac /Volumes/dotad/MUSIC/tres/Channel Tres - (2019) Black Moses EP - 03. Black Moses.flac /Volumes/dotad/MUSIC/tres/Channel Tres - (2019) Black Moses EP - 04. Sexy Black Timberlake (1).flac /Volumes/dotad/MUSIC/tres/Channel Tres - (2019) Black Moses EP - 04. Sexy Black Timberlake (2).flac /Volumes/dotad/MUSIC/tres/Channel Tres - (2019) Black Moses EP - 04. Sexy Black Timberlake.flac /Volumes/dotad/MUSIC/tres/Channel Tres - (2019) Black Moses EP - 05. Raw Power (1).flac /Volumes/dotad/MUSIC/tres/Channel Tres - (2019) Black Moses EP - 05. Raw Power.flac /Volumes/dotad/MUSIC/tres/Channel Tres - (2019) Brilliant Nigga (single) - 01. Brilliant Nigga (1).flac /Volumes/dotad/MUSIC/tres/Channel Tres - (2019) Brilliant Nigga (single) - 01. Brilliant Nigga.flac /Volumes/dotad/MUSIC/tres/Channel Tres - (2020) i can't go outside EP - 01. i can't go outside (intro).flac /Volumes/dotad/MUSIC/tres/Channel Tres - (2020) i can't go outside EP - 02. 2000 chevy malibu.flac /Volumes/dotad/MUSIC/tres/Channel Tres - (2020) i can't go outside EP - 03. skate depot (1).flac /Volumes/dotad/MUSIC/tres/Channel Tres - (2020) i can't go outside EP - 03. skate depot (2).flac /Volumes/dotad/MUSIC/tres/Channel Tres - (2020) i can't go outside EP - 03. skate depot.flac /Volumes/dotad/MUSIC/tres/Channel Tres - (2020) i can't go outside EP - 05. fuego (1).flac /Volumes/dotad/MUSIC/tres/Channel Tres - (2020) i can't go outside EP - 05. fuego.flac /Volumes/dotad/MUSIC/tres/Channel Tres - (2020) i can't go outside EP - 06. take your time (1).flac /Volumes/dotad/MUSIC/tres/Channel Tres - (2020) i can't go outside EP - 06. take your time.flac /Volumes/dotad/MUSIC/tres/Channel Tres - (2020) i can't go outside EP - 07. unfinished business.flac /Volumes/dotad/MUSIC/tres/Channel Tres - (2020) Weedman (single) - 01. Weedman (1).flac /Volumes/dotad/MUSIC/tres/Channel Tres - (2020) Weedman (single) - 01. Weedman.flac /Volumes/dotad/MUSIC/tres/Channel Tres - (2022) 6am (single) - 01. 6am.flac /Volumes/dotad/MUSIC/tres/Channel Tres - (2022) Acid  Ganzfeld EP - 01. Acid in My Blood.flac /Volumes/dotad/MUSIC/tres/Channel Tres - (2022) Acid  Ganzfeld EP - 02. Acid in My Blood (instrumental).flac /Volumes/dotad/MUSIC/tres/Channel Tres - (2022) Acid  Ganzfeld EP - 03. Ganzfeld Experiment.flac /Volumes/dotad/MUSIC/tres/Channel Tres - (2022) Just Can't Get Enough (single) - 01. Just Can't Get Enough (1).flac /Volumes/dotad/MUSIC/tres/Channel Tres - (2022) Just Can't Get Enough (single) - 01. Just Can't Get Enough.flac /Volumes/dotad/MUSIC/tres/Channel Tres - (2022) refresh - 01. Over and Over (1).flac /Volumes/dotad/MUSIC/tres/Channel Tres - (2022) refresh - 01. Over and Over.flac /Volumes/dotad/MUSIC/tres/Channel Tres - (2022) refresh - 02. Willow.flac /Volumes/dotad/MUSIC/tres/Channel Tres - (2022) refresh - 05. Antigua.flac /Volumes/dotad/MUSIC/tres/Channel Tres - (2022) refresh - 06. Either Way.flac /Volumes/dotad/MUSIC/tres/Channel Tres - (2022) refresh - 07. Prada.flac /Volumes/dotad/MUSIC/tres/Channel Tres - (2023) 6am (Remixes) - EP - 01. 6am (James Juke Hot Take Remix).flac /Volumes/dotad/MUSIC/tres/Channel Tres - (2023) 6am (Remixes) - EP - 02. 6am (Coco & Breezy Remix).flac /Volumes/dotad/MUSIC/tres/Channel Tres - (2023) 6am (Remixes) - EP - 03. 6am (Diplo Remix).flac /Volumes/dotad/MUSIC/tres/Channel Tres - (2023) 6am (Remixes) - EP - 04. 6am (DJ_Dave Edit).flac /Volumes/dotad/MUSIC/tres/Channel Tres - (2023) Real Cultural Shit EP - 01. Sleep When Dead.flac /Volumes/dotad/MUSIC/tres/Channel Tres - (2023) Real Cultural Shit EP - 02. 6am.flac /Volumes/dotad/MUSIC/tres/Channel Tres - (2023) Real Cultural Shit EP - 03. Just Can't Get Enough.flac /Volumes/dotad/MUSIC/tres/Channel Tres - (2023) Real Cultural Shit EP - 05. All My Friends (1).flac /Volumes/dotad/MUSIC/tres/Channel Tres - (2023) Real Cultural Shit EP - 05. All My Friends.flac /Volumes/dotad/MUSIC/tres/Channel Tres - (2023) Walked in the Room (single) - 01. Walked in the Room (1).flac /Volumes/dotad/MUSIC/tres/Channel Tres - (2023) Walked in the Room (single) - 01. Walked in the Room.flac /Volumes/dotad/MUSIC/tres/Channel Tres - (2024) Cactus Water (single) - 01. Cactus Water (1).flac /Volumes/dotad/MUSIC/tres/Channel Tres - (2024) Cactus Water (single) - 01. Cactus Water.flac /Volumes/dotad/MUSIC/tres/Channel Tres - (2024) Head Rush - 01. Head Rush.flac /Volumes/dotad/MUSIC/tres/Channel Tres - (2024) Head Rush - 02. Black & Mild.flac /Volumes/dotad/MUSIC/tres/Channel Tres - (2024) Head Rush - 03. Joyful Noise (1).flac /Volumes/dotad/MUSIC/tres/Channel Tres - (2024) Head Rush - 03. Joyful Noise.flac /Volumes/dotad/MUSIC/tres/Channel Tres - (2024) Head Rush - 04. Traffic (interlude).flac /Volumes/dotad/MUSIC/tres/Channel Tres - (2024) Head Rush - 05. Cactus Water.flac /Volumes/dotad/MUSIC/tres/Channel Tres - (2024) Head Rush - 06. Candy Paint (1).flac /Volumes/dotad/MUSIC/tres/Channel Tres - (2024) Head Rush - 06. Candy Paint.flac /Volumes/dotad/MUSIC/tres/Channel Tres - (2024) Head Rush - 07. Berghain.flac /Volumes/dotad/MUSIC/tres/Channel Tres - (2024) Head Rush - 08. Holy Moly (1).flac /Volumes/dotad/MUSIC/tres/Channel Tres - (2024) Head Rush - 08. Holy Moly.flac /Volumes/dotad/MUSIC/tres/Channel Tres - (2024) Head Rush - 09. I'm Him.flac /Volumes/dotad/MUSIC/tres/Channel Tres - (2024) Head Rush - 10. Chain Hang Low.flac /Volumes/dotad/MUSIC/tres/Channel Tres - (2024) Head Rush - 11. Need U 2 Know (1).flac /Volumes/dotad/MUSIC/tres/Channel Tres - (2024) Head Rush - 11. Need U 2 Know.flac /Volumes/dotad/MUSIC/tres/Channel Tres - (2024) Head Rush - 12. Two Ways.flac /Volumes/dotad/MUSIC/tres/Channel Tres - (2024) Head Rush - 13. ASPEN.flac /Volumes/dotad/MUSIC/tres/Channel Tres - (2024) Head Rush - 14. We Hungry (1).flac /Volumes/dotad/MUSIC/tres/Channel Tres - (2024) Head Rush - 14. We Hungry.flac /Volumes/dotad/MUSIC/tres/Channel Tres - (2024) Head Rush - 15. Type.flac /Volumes/dotad/MUSIC/tres/Channel Tres - (2024) Head Rush - 16. Gold Daytonas.flac /Volumes/dotad/MUSIC/tres/Channel Tres - (2024) Head Rush - 17. Here.flac /Volumes/dotad/MUSIC/tres/Channel Tres & omgkirby - (2022) Omgkirby & Channel Tres (1662 Remix) - Single - 01. Omgkirby & Channel Tres (1662 Remix) (1).flac /Volumes/dotad/MUSIC/tres/Channel Tres & omgkirby - (2022) Omgkirby & Channel Tres (1662 Remix) - Single - 01. Omgkirby & Channel Tres (1662 Remix).flac /Volumes/dotad/MUSIC/tres/Channel Tres & omgkirbyDAO - (2022) Hennessy Cups - Single - 01. Hennessy Cups.flac /Volumes/dotad/MUSIC/tres/Channel Tres & SG Lewis - (2019) Sexy Black Timberlake (SG Lewis remix) (single) - 01. Sexy Black Timberlake (SG Lewis remix).flac /Volumes/dotad/MUSIC/tres/Channel Tres feat. Barney Bones - (2024) Berghain (single) - 01. Berghain.flac /Volumes/dotad/MUSIC/tres/Channel Tres feat. JPEGMAFIA - (2019) Black Moses (single) - 01. Black Moses.flac /Volumes/dotad/MUSIC/tres/Erick the Architect feat. Channel Tres - (2023) Ambrosia (single) - 01. Ambrosia (1).flac /Volumes/dotad/MUSIC/tres/Erick the Architect feat. Channel Tres - (2023) Ambrosia (single) - 01. Ambrosia.flac /Volumes/dotad/MUSIC/tres/Flight Facilities - (2021) Lights Up (Myd Remix) [feat. Channel Tres] - Single - 01. Lights Up (feat. Channel Tres) [Myd Remix].flac /Volumes/dotad/MUSIC/tres/Flight Facilities - (2021) Lights Up (Remixes) [feat. Channel Tres] - EP - 01. Lights Up (feat. Channel Tres) [Myd Remix].flac /Volumes/dotad/MUSIC/tres/Flight Facilities - (2021) Lights Up (Remixes) [feat. Channel Tres] - EP - 02. Lights Up (feat. Channel Tres) [Honey Dijon Remix] (1).flac /Volumes/dotad/MUSIC/tres/Flight Facilities - (2021) Lights Up (Remixes) [feat. Channel Tres] - EP - 03. Lights Up (feat. Channel Tres) [Mousse T.’s Boogie Shizzle Mix] (1).flac /Volumes/dotad/MUSIC/tres/Flight Facilities - (2021) Lights Up (Remixes) [feat. Channel Tres] - EP - 04. Lights Up (feat. Channel Tres) [Mousse T.’s Dutty Club Mix].flac /Volumes/dotad/MUSIC/tres/Grimes - (2021) Miss Anthropocene (rave edition) - 03. Delete Forever (Channel Tres remix).flac /Volumes/dotad/MUSIC/tres/Jamie Jones with Channel Tres - (2023) Got Time for Me (single) - 01. Got Time for Me (1).flac /Volumes/dotad/MUSIC/tres/Jamie Jones with Channel Tres - (2023) Got Time for Me (single) - 01. Got Time for Me.flac /Volumes/dotad/MUSIC/tres/King Princess - (2020) Hit the Back (Channel Tres remix) (single) - 01. Hit the Back (Channel Tres remix).flac /Volumes/dotad/MUSIC/tres/Kito, VanJess & Channel Tres - (2021) Recap (single) - 01. Recap (1).flac /Volumes/dotad/MUSIC/tres/Kito, VanJess & Channel Tres - (2021) Recap (single) - 01. Recap.flac /Volumes/dotad/MUSIC/tres/Kris Yute - (2020) I Did It (Channel Tres Remix) - Single - 01. I Did It (Channel Tres Remix).flac /Volumes/dotad/MUSIC/tres/Mura Masa, Shygirl & Channel Tres - (2022) hollaback bitch (single) - 01. hollaback bitch.flac /Volumes/dotad/MUSIC/tres/Polo & Pan & Channel Tres - (2021) Tunnel (Remixes) EP - 01. Tunnel (Samaran remix).flac /Volumes/dotad/MUSIC/tres/Polo & Pan & Channel Tres - (2021) Tunnel (Remixes) EP - 02. Tunnel (Tim Paris remix).flac /Volumes/dotad/MUSIC/tres/Polo & Pan & Channel Tres - (2021) Tunnel (Remixes) EP - 03. Tunnel (You Man remix).flac /Volumes/dotad/MUSIC/tres/Polo & Pan & Channel Tres - (2021) Tunnel (Remixes) EP - 04. Tunnel (Acid Arab remix) (1).flac /Volumes/dotad/MUSIC/tres/Polo & Pan & Channel Tres - (2021) Tunnel (Remixes) EP - 04. Tunnel (Acid Arab remix).flac /Volumes/dotad/MUSIC/tres/Rhye - (2018) Blood Remixed - 10. Stay Safe (Channel Tres remix).flac /Volumes/dotad/MUSIC/tres/Robyn, SG Lewis & Channel Tres - (2020) Impact (Soulwax remix) (single) - 01. Impact (Soulwax remix) (1).flac /Volumes/dotad/MUSIC/tres/Robyn, SG Lewis & Channel Tres - (2020) Impact (Soulwax remix) (single) - 01. Impact (Soulwax remix).flac /Volumes/dotad/MUSIC/tres/SG Lewis feat. Charlotte Day Wilson & Channel Tres - (2023) Fever Dreamer (single) - 01. Fever Dreamer.flac /Volumes/dotad/MUSIC/tres/SG Lewis feat. Robyn & Channel Tres - (2020) Impact (single) - 01. Impact (1).flac /Volumes/dotad/MUSIC/tres/SG Lewis feat. Robyn & Channel Tres - (2020) Impact (single) - 01. Impact.flac /Volumes/dotad/MUSIC/tres/SG Lewis, Charlotte Day Wilson & Channel Tres - (2023) Fever Dreamer (single) - 01. Fever Dreamer.flac /Volumes/dotad/MUSIC/tres/Terrace Martin - (2023) Chucks (feat. Channel Tres) - Single - 01. Chucks (feat. Channel Tres).flac /Volumes/dotad/MUSIC/tres/TOKiMONSTA & Channel Tres - (2021) Naked (single) - 01. Naked (1).flac /Volumes/dotad/MUSIC/tres/TOKiMONSTA & Channel Tres - (2021) Naked (single) - 01. Naked (2).flac /Volumes/dotad/MUSIC/tres/TOKiMONSTA & Channel Tres - (2021) Naked (single) - 01. Naked (3).flac /Volumes/dotad/MUSIC/tres/TOKiMONSTA & Channel Tres - (2021) Naked (single) - 01. Naked (4).flac /Volumes/dotad/MUSIC/tres/TOKiMONSTA & Channel Tres - (2021) Naked (single) - 01. Naked.flac /Volumes/dotad/MUSIC/tres/Toro y Moi - (2019) Who I Am (Channel Tres remix) (single) - 01. Who I Am (Channel Tres remix).flac /Volumes/dotad/MUSIC/tres/ZERB - (2025) 24h in a Disco (feat. Channel Tres & Kiki Gyan) - Single - 01. 24h in a Disco (feat. Channel Tres & Kiki Gyan) (1).flac /Volumes/dotad/MUSIC/tres/ZERB - (2025) 24h in a Disco (feat. Channel Tres & Kiki Gyan) - Single - 01. 24h in a Disco (feat. Channel Tres & Kiki Gyan).flac /Volumes/dotad/_quarantine_delude/tres-20251001-042054/
/Volumes/dotad/MUSIC/tres/Aaron Childs - (2018) Tangerine (Channel Tres Remix) - Single - 01. Tangerine (Channel Tres Remix).flac -> /Volumes/dotad/_quarantine_delude/tres-20251001-042054/Aaron Childs - (2018) Tangerine (Channel Tres Remix) - Single - 01. Tangerine (Channel Tres Remix).flac
/Volumes/dotad/MUSIC/tres/AUGUST 08 - (2019) Blood on My Hands (feat. Smino) [Channel Tres Remix] - Single - 01. Blood on My Hands (feat. Smino) [Channel Tres Remix].flac -> /Volumes/dotad/_quarantine_delude/tres-20251001-042054/AUGUST 08 - (2019) Blood on My Hands (feat. Smino) [Channel Tres Remix] - Single - 01. Blood on My Hands (feat. Smino) [Channel Tres Remix].flac
/Volumes/dotad/MUSIC/tres/Baauer, Channel Tres & Danny Brown - (2019) READY TO GO (single) - 01. READY TO GO (1).flac -> /Volumes/dotad/_quarantine_delude/tres-20251001-042054/Baauer, Channel Tres & Danny Brown - (2019) READY TO GO (single) - 01. READY TO GO (1).flac
/Volumes/dotad/MUSIC/tres/Baauer, Channel Tres & Danny Brown - (2019) READY TO GO (single) - 01. READY TO GO.flac -> /Volumes/dotad/_quarantine_delude/tres-20251001-042054/Baauer, Channel Tres & Danny Brown - (2019) READY TO GO (single) - 01. READY TO GO.flac
/Volumes/dotad/MUSIC/tres/Barney Bones & Channel Tres - (2023) Fashion Week (single) - 01. Fashion Week.flac -> /Volumes/dotad/_quarantine_delude/tres-20251001-042054/Barney Bones & Channel Tres - (2023) Fashion Week (single) - 01. Fashion Week.flac
/Volumes/dotad/MUSIC/tres/bloomy btw - (2022) can't help myself (feat. Channel Tres) - Single - 01. can't help myself (feat. Channel Tres).flac -> /Volumes/dotad/_quarantine_delude/tres-20251001-042054/bloomy btw - (2022) can't help myself (feat. Channel Tres) - Single - 01. can't help myself (feat. Channel Tres).flac
/Volumes/dotad/MUSIC/tres/Channel Tres - (2018) Channel Tres EP - 01. St. Julian (intro).flac -> /Volumes/dotad/_quarantine_delude/tres-20251001-042054/Channel Tres - (2018) Channel Tres EP - 01. St. Julian (intro).flac
/Volumes/dotad/MUSIC/tres/Channel Tres - (2018) Channel Tres EP - 02. Controller.flac -> /Volumes/dotad/_quarantine_delude/tres-20251001-042054/Channel Tres - (2018) Channel Tres EP - 02. Controller.flac
/Volumes/dotad/MUSIC/tres/Channel Tres - (2018) Channel Tres EP - 03. Jet Black.flac -> /Volumes/dotad/_quarantine_delude/tres-20251001-042054/Channel Tres - (2018) Channel Tres EP - 03. Jet Black.flac
/Volumes/dotad/MUSIC/tres/Channel Tres - (2018) Channel Tres EP - 04. Topdown (1).flac -> /Volumes/dotad/_quarantine_delude/tres-20251001-042054/Channel Tres - (2018) Channel Tres EP - 04. Topdown (1).flac
/Volumes/dotad/MUSIC/tres/Channel Tres - (2018) Channel Tres EP - 04. Topdown.flac -> /Volumes/dotad/_quarantine_delude/tres-20251001-042054/Channel Tres - (2018) Channel Tres EP - 04. Topdown.flac
/Volumes/dotad/MUSIC/tres/Channel Tres - (2018) Channel Tres EP - 05. Glide.flac -> /Volumes/dotad/_quarantine_delude/tres-20251001-042054/Channel Tres - (2018) Channel Tres EP - 05. Glide.flac
/Volumes/dotad/MUSIC/tres/Channel Tres - (2018) Controller (single) - 01. Controller (1).flac -> /Volumes/dotad/_quarantine_delude/tres-20251001-042054/Channel Tres - (2018) Controller (single) - 01. Controller (1).flac
/Volumes/dotad/MUSIC/tres/Channel Tres - (2018) Controller (single) - 01. Controller (2).flac -> /Volumes/dotad/_quarantine_delude/tres-20251001-042054/Channel Tres - (2018) Controller (single) - 01. Controller (2).flac
/Volumes/dotad/MUSIC/tres/Channel Tres - (2018) Controller (single) - 01. Controller (3).flac -> /Volumes/dotad/_quarantine_delude/tres-20251001-042054/Channel Tres - (2018) Controller (single) - 01. Controller (3).flac
/Volumes/dotad/MUSIC/tres/Channel Tres - (2018) Controller (single) - 01. Controller.flac -> /Volumes/dotad/_quarantine_delude/tres-20251001-042054/Channel Tres - (2018) Controller (single) - 01. Controller.flac
/Volumes/dotad/MUSIC/tres/Channel Tres - (2018) Controller (single) - 02. Controller (clean).flac -> /Volumes/dotad/_quarantine_delude/tres-20251001-042054/Channel Tres - (2018) Controller (single) - 02. Controller (clean).flac
/Volumes/dotad/MUSIC/tres/Channel Tres - (2018) Controller (single) - 03. Controller (instrumental).flac -> /Volumes/dotad/_quarantine_delude/tres-20251001-042054/Channel Tres - (2018) Controller (single) - 03. Controller (instrumental).flac
/Volumes/dotad/MUSIC/tres/Channel Tres - (2018) Glide (single) - 01. Glide (1).flac -> /Volumes/dotad/_quarantine_delude/tres-20251001-042054/Channel Tres - (2018) Glide (single) - 01. Glide (1).flac
/Volumes/dotad/MUSIC/tres/Channel Tres - (2018) Glide (single) - 01. Glide.flac -> /Volumes/dotad/_quarantine_delude/tres-20251001-042054/Channel Tres - (2018) Glide (single) - 01. Glide.flac
/Volumes/dotad/MUSIC/tres/Channel Tres - (2018) Jet Black (single) - 01. Jet Black (1).flac -> /Volumes/dotad/_quarantine_delude/tres-20251001-042054/Channel Tres - (2018) Jet Black (single) - 01. Jet Black (1).flac
/Volumes/dotad/MUSIC/tres/Channel Tres - (2018) Jet Black (single) - 01. Jet Black.flac -> /Volumes/dotad/_quarantine_delude/tres-20251001-042054/Channel Tres - (2018) Jet Black (single) - 01. Jet Black.flac
/Volumes/dotad/MUSIC/tres/Channel Tres - (2019) Black Moses EP - 01. Orpheus (intro).flac -> /Volumes/dotad/_quarantine_delude/tres-20251001-042054/Channel Tres - (2019) Black Moses EP - 01. Orpheus (intro).flac
/Volumes/dotad/MUSIC/tres/Channel Tres - (2019) Black Moses EP - 02. Brilliant Nigga.flac -> /Volumes/dotad/_quarantine_delude/tres-20251001-042054/Channel Tres - (2019) Black Moses EP - 02. Brilliant Nigga.flac
/Volumes/dotad/MUSIC/tres/Channel Tres - (2019) Black Moses EP - 03. Black Moses.flac -> /Volumes/dotad/_quarantine_delude/tres-20251001-042054/Channel Tres - (2019) Black Moses EP - 03. Black Moses.flac
/Volumes/dotad/MUSIC/tres/Channel Tres - (2019) Black Moses EP - 04. Sexy Black Timberlake (1).flac -> /Volumes/dotad/_quarantine_delude/tres-20251001-042054/Channel Tres - (2019) Black Moses EP - 04. Sexy Black Timberlake (1).flac
/Volumes/dotad/MUSIC/tres/Channel Tres - (2019) Black Moses EP - 04. Sexy Black Timberlake (2).flac -> /Volumes/dotad/_quarantine_delude/tres-20251001-042054/Channel Tres - (2019) Black Moses EP - 04. Sexy Black Timberlake (2).flac
/Volumes/dotad/MUSIC/tres/Channel Tres - (2019) Black Moses EP - 04. Sexy Black Timberlake.flac -> /Volumes/dotad/_quarantine_delude/tres-20251001-042054/Channel Tres - (2019) Black Moses EP - 04. Sexy Black Timberlake.flac
/Volumes/dotad/MUSIC/tres/Channel Tres - (2019) Black Moses EP - 05. Raw Power (1).flac -> /Volumes/dotad/_quarantine_delude/tres-20251001-042054/Channel Tres - (2019) Black Moses EP - 05. Raw Power (1).flac
/Volumes/dotad/MUSIC/tres/Channel Tres - (2019) Black Moses EP - 05. Raw Power.flac -> /Volumes/dotad/_quarantine_delude/tres-20251001-042054/Channel Tres - (2019) Black Moses EP - 05. Raw Power.flac
/Volumes/dotad/MUSIC/tres/Channel Tres - (2019) Brilliant Nigga (single) - 01. Brilliant Nigga (1).flac -> /Volumes/dotad/_quarantine_delude/tres-20251001-042054/Channel Tres - (2019) Brilliant Nigga (single) - 01. Brilliant Nigga (1).flac
/Volumes/dotad/MUSIC/tres/Channel Tres - (2019) Brilliant Nigga (single) - 01. Brilliant Nigga.flac -> /Volumes/dotad/_quarantine_delude/tres-20251001-042054/Channel Tres - (2019) Brilliant Nigga (single) - 01. Brilliant Nigga.flac
/Volumes/dotad/MUSIC/tres/Channel Tres - (2020) i can't go outside EP - 01. i can't go outside (intro).flac -> /Volumes/dotad/_quarantine_delude/tres-20251001-042054/Channel Tres - (2020) i can't go outside EP - 01. i can't go outside (intro).flac
/Volumes/dotad/MUSIC/tres/Channel Tres - (2020) i can't go outside EP - 02. 2000 chevy malibu.flac -> /Volumes/dotad/_quarantine_delude/tres-20251001-042054/Channel Tres - (2020) i can't go outside EP - 02. 2000 chevy malibu.flac
/Volumes/dotad/MUSIC/tres/Channel Tres - (2020) i can't go outside EP - 03. skate depot (1).flac -> /Volumes/dotad/_quarantine_delude/tres-20251001-042054/Channel Tres - (2020) i can't go outside EP - 03. skate depot (1).flac
/Volumes/dotad/MUSIC/tres/Channel Tres - (2020) i can't go outside EP - 03. skate depot (2).flac -> /Volumes/dotad/_quarantine_delude/tres-20251001-042054/Channel Tres - (2020) i can't go outside EP - 03. skate depot (2).flac
/Volumes/dotad/MUSIC/tres/Channel Tres - (2020) i can't go outside EP - 03. skate depot.flac -> /Volumes/dotad/_quarantine_delude/tres-20251001-042054/Channel Tres - (2020) i can't go outside EP - 03. skate depot.flac
/Volumes/dotad/MUSIC/tres/Channel Tres - (2020) i can't go outside EP - 05. fuego (1).flac -> /Volumes/dotad/_quarantine_delude/tres-20251001-042054/Channel Tres - (2020) i can't go outside EP - 05. fuego (1).flac
/Volumes/dotad/MUSIC/tres/Channel Tres - (2020) i can't go outside EP - 05. fuego.flac -> /Volumes/dotad/_quarantine_delude/tres-20251001-042054/Channel Tres - (2020) i can't go outside EP - 05. fuego.flac
/Volumes/dotad/MUSIC/tres/Channel Tres - (2020) i can't go outside EP - 06. take your time (1).flac -> /Volumes/dotad/_quarantine_delude/tres-20251001-042054/Channel Tres - (2020) i can't go outside EP - 06. take your time (1).flac
/Volumes/dotad/MUSIC/tres/Channel Tres - (2020) i can't go outside EP - 06. take your time.flac -> /Volumes/dotad/_quarantine_delude/tres-20251001-042054/Channel Tres - (2020) i can't go outside EP - 06. take your time.flac
/Volumes/dotad/MUSIC/tres/Channel Tres - (2020) i can't go outside EP - 07. unfinished business.flac -> /Volumes/dotad/_quarantine_delude/tres-20251001-042054/Channel Tres - (2020) i can't go outside EP - 07. unfinished business.flac
/Volumes/dotad/MUSIC/tres/Channel Tres - (2020) Weedman (single) - 01. Weedman (1).flac -> /Volumes/dotad/_quarantine_delude/tres-20251001-042054/Channel Tres - (2020) Weedman (single) - 01. Weedman (1).flac
/Volumes/dotad/MUSIC/tres/Channel Tres - (2020) Weedman (single) - 01. Weedman.flac -> /Volumes/dotad/_quarantine_delude/tres-20251001-042054/Channel Tres - (2020) Weedman (single) - 01. Weedman.flac
/Volumes/dotad/MUSIC/tres/Channel Tres - (2022) 6am (single) - 01. 6am.flac -> /Volumes/dotad/_quarantine_delude/tres-20251001-042054/Channel Tres - (2022) 6am (single) - 01. 6am.flac
/Volumes/dotad/MUSIC/tres/Channel Tres - (2022) Acid  Ganzfeld EP - 01. Acid in My Blood.flac -> /Volumes/dotad/_quarantine_delude/tres-20251001-042054/Channel Tres - (2022) Acid  Ganzfeld EP - 01. Acid in My Blood.flac
/Volumes/dotad/MUSIC/tres/Channel Tres - (2022) Acid  Ganzfeld EP - 02. Acid in My Blood (instrumental).flac -> /Volumes/dotad/_quarantine_delude/tres-20251001-042054/Channel Tres - (2022) Acid  Ganzfeld EP - 02. Acid in My Blood (instrumental).flac
/Volumes/dotad/MUSIC/tres/Channel Tres - (2022) Acid  Ganzfeld EP - 03. Ganzfeld Experiment.flac -> /Volumes/dotad/_quarantine_delude/tres-20251001-042054/Channel Tres - (2022) Acid  Ganzfeld EP - 03. Ganzfeld Experiment.flac
/Volumes/dotad/MUSIC/tres/Channel Tres - (2022) Just Can't Get Enough (single) - 01. Just Can't Get Enough (1).flac -> /Volumes/dotad/_quarantine_delude/tres-20251001-042054/Channel Tres - (2022) Just Can't Get Enough (single) - 01. Just Can't Get Enough (1).flac
/Volumes/dotad/MUSIC/tres/Channel Tres - (2022) Just Can't Get Enough (single) - 01. Just Can't Get Enough.flac -> /Volumes/dotad/_quarantine_delude/tres-20251001-042054/Channel Tres - (2022) Just Can't Get Enough (single) - 01. Just Can't Get Enough.flac
/Volumes/dotad/MUSIC/tres/Channel Tres - (2022) refresh - 01. Over and Over (1).flac -> /Volumes/dotad/_quarantine_delude/tres-20251001-042054/Channel Tres - (2022) refresh - 01. Over and Over (1).flac
/Volumes/dotad/MUSIC/tres/Channel Tres - (2022) refresh - 01. Over and Over.flac -> /Volumes/dotad/_quarantine_delude/tres-20251001-042054/Channel Tres - (2022) refresh - 01. Over and Over.flac
/Volumes/dotad/MUSIC/tres/Channel Tres - (2022) refresh - 02. Willow.flac -> /Volumes/dotad/_quarantine_delude/tres-20251001-042054/Channel Tres - (2022) refresh - 02. Willow.flac
/Volumes/dotad/MUSIC/tres/Channel Tres - (2022) refresh - 05. Antigua.flac -> /Volumes/dotad/_quarantine_delude/tres-20251001-042054/Channel Tres - (2022) refresh - 05. Antigua.flac
/Volumes/dotad/MUSIC/tres/Channel Tres - (2022) refresh - 06. Either Way.flac -> /Volumes/dotad/_quarantine_delude/tres-20251001-042054/Channel Tres - (2022) refresh - 06. Either Way.flac
/Volumes/dotad/MUSIC/tres/Channel Tres - (2022) refresh - 07. Prada.flac -> /Volumes/dotad/_quarantine_delude/tres-20251001-042054/Channel Tres - (2022) refresh - 07. Prada.flac
/Volumes/dotad/MUSIC/tres/Channel Tres - (2023) 6am (Remixes) - EP - 01. 6am (James Juke Hot Take Remix).flac -> /Volumes/dotad/_quarantine_delude/tres-20251001-042054/Channel Tres - (2023) 6am (Remixes) - EP - 01. 6am (James Juke Hot Take Remix).flac
/Volumes/dotad/MUSIC/tres/Channel Tres - (2023) 6am (Remixes) - EP - 02. 6am (Coco & Breezy Remix).flac -> /Volumes/dotad/_quarantine_delude/tres-20251001-042054/Channel Tres - (2023) 6am (Remixes) - EP - 02. 6am (Coco & Breezy Remix).flac
/Volumes/dotad/MUSIC/tres/Channel Tres - (2023) 6am (Remixes) - EP - 03. 6am (Diplo Remix).flac -> /Volumes/dotad/_quarantine_delude/tres-20251001-042054/Channel Tres - (2023) 6am (Remixes) - EP - 03. 6am (Diplo Remix).flac
/Volumes/dotad/MUSIC/tres/Channel Tres - (2023) 6am (Remixes) - EP - 04. 6am (DJ_Dave Edit).flac -> /Volumes/dotad/_quarantine_delude/tres-20251001-042054/Channel Tres - (2023) 6am (Remixes) - EP - 04. 6am (DJ_Dave Edit).flac
/Volumes/dotad/MUSIC/tres/Channel Tres - (2023) Real Cultural Shit EP - 01. Sleep When Dead.flac -> /Volumes/dotad/_quarantine_delude/tres-20251001-042054/Channel Tres - (2023) Real Cultural Shit EP - 01. Sleep When Dead.flac
/Volumes/dotad/MUSIC/tres/Channel Tres - (2023) Real Cultural Shit EP - 02. 6am.flac -> /Volumes/dotad/_quarantine_delude/tres-20251001-042054/Channel Tres - (2023) Real Cultural Shit EP - 02. 6am.flac
/Volumes/dotad/MUSIC/tres/Channel Tres - (2023) Real Cultural Shit EP - 03. Just Can't Get Enough.flac -> /Volumes/dotad/_quarantine_delude/tres-20251001-042054/Channel Tres - (2023) Real Cultural Shit EP - 03. Just Can't Get Enough.flac
/Volumes/dotad/MUSIC/tres/Channel Tres - (2023) Real Cultural Shit EP - 05. All My Friends (1).flac -> /Volumes/dotad/_quarantine_delude/tres-20251001-042054/Channel Tres - (2023) Real Cultural Shit EP - 05. All My Friends (1).flac
/Volumes/dotad/MUSIC/tres/Channel Tres - (2023) Real Cultural Shit EP - 05. All My Friends.flac -> /Volumes/dotad/_quarantine_delude/tres-20251001-042054/Channel Tres - (2023) Real Cultural Shit EP - 05. All My Friends.flac
/Volumes/dotad/MUSIC/tres/Channel Tres - (2023) Walked in the Room (single) - 01. Walked in the Room (1).flac -> /Volumes/dotad/_quarantine_delude/tres-20251001-042054/Channel Tres - (2023) Walked in the Room (single) - 01. Walked in the Room (1).flac
/Volumes/dotad/MUSIC/tres/Channel Tres - (2023) Walked in the Room (single) - 01. Walked in the Room.flac -> /Volumes/dotad/_quarantine_delude/tres-20251001-042054/Channel Tres - (2023) Walked in the Room (single) - 01. Walked in the Room.flac
/Volumes/dotad/MUSIC/tres/Channel Tres - (2024) Cactus Water (single) - 01. Cactus Water (1).flac -> /Volumes/dotad/_quarantine_delude/tres-20251001-042054/Channel Tres - (2024) Cactus Water (single) - 01. Cactus Water (1).flac
/Volumes/dotad/MUSIC/tres/Channel Tres - (2024) Cactus Water (single) - 01. Cactus Water.flac -> /Volumes/dotad/_quarantine_delude/tres-20251001-042054/Channel Tres - (2024) Cactus Water (single) - 01. Cactus Water.flac
/Volumes/dotad/MUSIC/tres/Channel Tres - (2024) Head Rush - 01. Head Rush.flac -> /Volumes/dotad/_quarantine_delude/tres-20251001-042054/Channel Tres - (2024) Head Rush - 01. Head Rush.flac
/Volumes/dotad/MUSIC/tres/Channel Tres - (2024) Head Rush - 02. Black & Mild.flac -> /Volumes/dotad/_quarantine_delude/tres-20251001-042054/Channel Tres - (2024) Head Rush - 02. Black & Mild.flac
/Volumes/dotad/MUSIC/tres/Channel Tres - (2024) Head Rush - 03. Joyful Noise (1).flac -> /Volumes/dotad/_quarantine_delude/tres-20251001-042054/Channel Tres - (2024) Head Rush - 03. Joyful Noise (1).flac
/Volumes/dotad/MUSIC/tres/Channel Tres - (2024) Head Rush - 03. Joyful Noise.flac -> /Volumes/dotad/_quarantine_delude/tres-20251001-042054/Channel Tres - (2024) Head Rush - 03. Joyful Noise.flac
/Volumes/dotad/MUSIC/tres/Channel Tres - (2024) Head Rush - 04. Traffic (interlude).flac -> /Volumes/dotad/_quarantine_delude/tres-20251001-042054/Channel Tres - (2024) Head Rush - 04. Traffic (interlude).flac
/Volumes/dotad/MUSIC/tres/Channel Tres - (2024) Head Rush - 05. Cactus Water.flac -> /Volumes/dotad/_quarantine_delude/tres-20251001-042054/Channel Tres - (2024) Head Rush - 05. Cactus Water.flac
/Volumes/dotad/MUSIC/tres/Channel Tres - (2024) Head Rush - 06. Candy Paint (1).flac -> /Volumes/dotad/_quarantine_delude/tres-20251001-042054/Channel Tres - (2024) Head Rush - 06. Candy Paint (1).flac
/Volumes/dotad/MUSIC/tres/Channel Tres - (2024) Head Rush - 06. Candy Paint.flac -> /Volumes/dotad/_quarantine_delude/tres-20251001-042054/Channel Tres - (2024) Head Rush - 06. Candy Paint.flac
/Volumes/dotad/MUSIC/tres/Channel Tres - (2024) Head Rush - 07. Berghain.flac -> /Volumes/dotad/_quarantine_delude/tres-20251001-042054/Channel Tres - (2024) Head Rush - 07. Berghain.flac
/Volumes/dotad/MUSIC/tres/Channel Tres - (2024) Head Rush - 08. Holy Moly (1).flac -> /Volumes/dotad/_quarantine_delude/tres-20251001-042054/Channel Tres - (2024) Head Rush - 08. Holy Moly (1).flac
/Volumes/dotad/MUSIC/tres/Channel Tres - (2024) Head Rush - 08. Holy Moly.flac -> /Volumes/dotad/_quarantine_delude/tres-20251001-042054/Channel Tres - (2024) Head Rush - 08. Holy Moly.flac
/Volumes/dotad/MUSIC/tres/Channel Tres - (2024) Head Rush - 09. I'm Him.flac -> /Volumes/dotad/_quarantine_delude/tres-20251001-042054/Channel Tres - (2024) Head Rush - 09. I'm Him.flac
/Volumes/dotad/MUSIC/tres/Channel Tres - (2024) Head Rush - 10. Chain Hang Low.flac -> /Volumes/dotad/_quarantine_delude/tres-20251001-042054/Channel Tres - (2024) Head Rush - 10. Chain Hang Low.flac
/Volumes/dotad/MUSIC/tres/Channel Tres - (2024) Head Rush - 11. Need U 2 Know (1).flac -> /Volumes/dotad/_quarantine_delude/tres-20251001-042054/Channel Tres - (2024) Head Rush - 11. Need U 2 Know (1).flac
/Volumes/dotad/MUSIC/tres/Channel Tres - (2024) Head Rush - 11. Need U 2 Know.flac -> /Volumes/dotad/_quarantine_delude/tres-20251001-042054/Channel Tres - (2024) Head Rush - 11. Need U 2 Know.flac
/Volumes/dotad/MUSIC/tres/Channel Tres - (2024) Head Rush - 12. Two Ways.flac -> /Volumes/dotad/_quarantine_delude/tres-20251001-042054/Channel Tres - (2024) Head Rush - 12. Two Ways.flac
/Volumes/dotad/MUSIC/tres/Channel Tres - (2024) Head Rush - 13. ASPEN.flac -> /Volumes/dotad/_quarantine_delude/tres-20251001-042054/Channel Tres - (2024) Head Rush - 13. ASPEN.flac
/Volumes/dotad/MUSIC/tres/Channel Tres - (2024) Head Rush - 14. We Hungry (1).flac -> /Volumes/dotad/_quarantine_delude/tres-20251001-042054/Channel Tres - (2024) Head Rush - 14. We Hungry (1).flac
/Volumes/dotad/MUSIC/tres/Channel Tres - (2024) Head Rush - 14. We Hungry.flac -> /Volumes/dotad/_quarantine_delude/tres-20251001-042054/Channel Tres - (2024) Head Rush - 14. We Hungry.flac
/Volumes/dotad/MUSIC/tres/Channel Tres - (2024) Head Rush - 15. Type.flac -> /Volumes/dotad/_quarantine_delude/tres-20251001-042054/Channel Tres - (2024) Head Rush - 15. Type.flac
/Volumes/dotad/MUSIC/tres/Channel Tres - (2024) Head Rush - 16. Gold Daytonas.flac -> /Volumes/dotad/_quarantine_delude/tres-20251001-042054/Channel Tres - (2024) Head Rush - 16. Gold Daytonas.flac
/Volumes/dotad/MUSIC/tres/Channel Tres - (2024) Head Rush - 17. Here.flac -> /Volumes/dotad/_quarantine_delude/tres-20251001-042054/Channel Tres - (2024) Head Rush - 17. Here.flac
/Volumes/dotad/MUSIC/tres/Channel Tres & omgkirby - (2022) Omgkirby & Channel Tres (1662 Remix) - Single - 01. Omgkirby & Channel Tres (1662 Remix) (1).flac -> /Volumes/dotad/_quarantine_delude/tres-20251001-042054/Channel Tres & omgkirby - (2022) Omgkirby & Channel Tres (1662 Remix) - Single - 01. Omgkirby & Channel Tres (1662 Remix) (1).flac
/Volumes/dotad/MUSIC/tres/Channel Tres & omgkirby - (2022) Omgkirby & Channel Tres (1662 Remix) - Single - 01. Omgkirby & Channel Tres (1662 Remix).flac -> /Volumes/dotad/_quarantine_delude/tres-20251001-042054/Channel Tres & omgkirby - (2022) Omgkirby & Channel Tres (1662 Remix) - Single - 01. Omgkirby & Channel Tres (1662 Remix).flac
/Volumes/dotad/MUSIC/tres/Channel Tres & omgkirbyDAO - (2022) Hennessy Cups - Single - 01. Hennessy Cups.flac -> /Volumes/dotad/_quarantine_delude/tres-20251001-042054/Channel Tres & omgkirbyDAO - (2022) Hennessy Cups - Single - 01. Hennessy Cups.flac
/Volumes/dotad/MUSIC/tres/Channel Tres & SG Lewis - (2019) Sexy Black Timberlake (SG Lewis remix) (single) - 01. Sexy Black Timberlake (SG Lewis remix).flac -> /Volumes/dotad/_quarantine_delude/tres-20251001-042054/Channel Tres & SG Lewis - (2019) Sexy Black Timberlake (SG Lewis remix) (single) - 01. Sexy Black Timberlake (SG Lewis remix).flac
/Volumes/dotad/MUSIC/tres/Channel Tres feat. Barney Bones - (2024) Berghain (single) - 01. Berghain.flac -> /Volumes/dotad/_quarantine_delude/tres-20251001-042054/Channel Tres feat. Barney Bones - (2024) Berghain (single) - 01. Berghain.flac
/Volumes/dotad/MUSIC/tres/Channel Tres feat. JPEGMAFIA - (2019) Black Moses (single) - 01. Black Moses.flac -> /Volumes/dotad/_quarantine_delude/tres-20251001-042054/Channel Tres feat. JPEGMAFIA - (2019) Black Moses (single) - 01. Black Moses.flac
/Volumes/dotad/MUSIC/tres/Erick the Architect feat. Channel Tres - (2023) Ambrosia (single) - 01. Ambrosia (1).flac -> /Volumes/dotad/_quarantine_delude/tres-20251001-042054/Erick the Architect feat. Channel Tres - (2023) Ambrosia (single) - 01. Ambrosia (1).flac
/Volumes/dotad/MUSIC/tres/Erick the Architect feat. Channel Tres - (2023) Ambrosia (single) - 01. Ambrosia.flac -> /Volumes/dotad/_quarantine_delude/tres-20251001-042054/Erick the Architect feat. Channel Tres - (2023) Ambrosia (single) - 01. Ambrosia.flac
/Volumes/dotad/MUSIC/tres/Flight Facilities - (2021) Lights Up (Myd Remix) [feat. Channel Tres] - Single - 01. Lights Up (feat. Channel Tres) [Myd Remix].flac -> /Volumes/dotad/_quarantine_delude/tres-20251001-042054/Flight Facilities - (2021) Lights Up (Myd Remix) [feat. Channel Tres] - Single - 01. Lights Up (feat. Channel Tres) [Myd Remix].flac
/Volumes/dotad/MUSIC/tres/Flight Facilities - (2021) Lights Up (Remixes) [feat. Channel Tres] - EP - 01. Lights Up (feat. Channel Tres) [Myd Remix].flac -> /Volumes/dotad/_quarantine_delude/tres-20251001-042054/Flight Facilities - (2021) Lights Up (Remixes) [feat. Channel Tres] - EP - 01. Lights Up (feat. Channel Tres) [Myd Remix].flac
/Volumes/dotad/MUSIC/tres/Flight Facilities - (2021) Lights Up (Remixes) [feat. Channel Tres] - EP - 02. Lights Up (feat. Channel Tres) [Honey Dijon Remix] (1).flac -> /Volumes/dotad/_quarantine_delude/tres-20251001-042054/Flight Facilities - (2021) Lights Up (Remixes) [feat. Channel Tres] - EP - 02. Lights Up (feat. Channel Tres) [Honey Dijon Remix] (1).flac
/Volumes/dotad/MUSIC/tres/Flight Facilities - (2021) Lights Up (Remixes) [feat. Channel Tres] - EP - 03. Lights Up (feat. Channel Tres) [Mousse T.’s Boogie Shizzle Mix] (1).flac -> /Volumes/dotad/_quarantine_delude/tres-20251001-042054/Flight Facilities - (2021) Lights Up (Remixes) [feat. Channel Tres] - EP - 03. Lights Up (feat. Channel Tres) [Mousse T.’s Boogie Shizzle Mix] (1).flac
/Volumes/dotad/MUSIC/tres/Flight Facilities - (2021) Lights Up (Remixes) [feat. Channel Tres] - EP - 04. Lights Up (feat. Channel Tres) [Mousse T.’s Dutty Club Mix].flac -> /Volumes/dotad/_quarantine_delude/tres-20251001-042054/Flight Facilities - (2021) Lights Up (Remixes) [feat. Channel Tres] - EP - 04. Lights Up (feat. Channel Tres) [Mousse T.’s Dutty Club Mix].flac
/Volumes/dotad/MUSIC/tres/Grimes - (2021) Miss Anthropocene (rave edition) - 03. Delete Forever (Channel Tres remix).flac -> /Volumes/dotad/_quarantine_delude/tres-20251001-042054/Grimes - (2021) Miss Anthropocene (rave edition) - 03. Delete Forever (Channel Tres remix).flac
/Volumes/dotad/MUSIC/tres/Jamie Jones with Channel Tres - (2023) Got Time for Me (single) - 01. Got Time for Me (1).flac -> /Volumes/dotad/_quarantine_delude/tres-20251001-042054/Jamie Jones with Channel Tres - (2023) Got Time for Me (single) - 01. Got Time for Me (1).flac
/Volumes/dotad/MUSIC/tres/Jamie Jones with Channel Tres - (2023) Got Time for Me (single) - 01. Got Time for Me.flac -> /Volumes/dotad/_quarantine_delude/tres-20251001-042054/Jamie Jones with Channel Tres - (2023) Got Time for Me (single) - 01. Got Time for Me.flac
/Volumes/dotad/MUSIC/tres/King Princess - (2020) Hit the Back (Channel Tres remix) (single) - 01. Hit the Back (Channel Tres remix).flac -> /Volumes/dotad/_quarantine_delude/tres-20251001-042054/King Princess - (2020) Hit the Back (Channel Tres remix) (single) - 01. Hit the Back (Channel Tres remix).flac
/Volumes/dotad/MUSIC/tres/Kito, VanJess & Channel Tres - (2021) Recap (single) - 01. Recap (1).flac -> /Volumes/dotad/_quarantine_delude/tres-20251001-042054/Kito, VanJess & Channel Tres - (2021) Recap (single) - 01. Recap (1).flac
/Volumes/dotad/MUSIC/tres/Kito, VanJess & Channel Tres - (2021) Recap (single) - 01. Recap.flac -> /Volumes/dotad/_quarantine_delude/tres-20251001-042054/Kito, VanJess & Channel Tres - (2021) Recap (single) - 01. Recap.flac
/Volumes/dotad/MUSIC/tres/Kris Yute - (2020) I Did It (Channel Tres Remix) - Single - 01. I Did It (Channel Tres Remix).flac -> /Volumes/dotad/_quarantine_delude/tres-20251001-042054/Kris Yute - (2020) I Did It (Channel Tres Remix) - Single - 01. I Did It (Channel Tres Remix).flac
/Volumes/dotad/MUSIC/tres/Mura Masa, Shygirl & Channel Tres - (2022) hollaback bitch (single) - 01. hollaback bitch.flac -> /Volumes/dotad/_quarantine_delude/tres-20251001-042054/Mura Masa, Shygirl & Channel Tres - (2022) hollaback bitch (single) - 01. hollaback bitch.flac
/Volumes/dotad/MUSIC/tres/Polo & Pan & Channel Tres - (2021) Tunnel (Remixes) EP - 01. Tunnel (Samaran remix).flac -> /Volumes/dotad/_quarantine_delude/tres-20251001-042054/Polo & Pan & Channel Tres - (2021) Tunnel (Remixes) EP - 01. Tunnel (Samaran remix).flac
/Volumes/dotad/MUSIC/tres/Polo & Pan & Channel Tres - (2021) Tunnel (Remixes) EP - 02. Tunnel (Tim Paris remix).flac -> /Volumes/dotad/_quarantine_delude/tres-20251001-042054/Polo & Pan & Channel Tres - (2021) Tunnel (Remixes) EP - 02. Tunnel (Tim Paris remix).flac
/Volumes/dotad/MUSIC/tres/Polo & Pan & Channel Tres - (2021) Tunnel (Remixes) EP - 03. Tunnel (You Man remix).flac -> /Volumes/dotad/_quarantine_delude/tres-20251001-042054/Polo & Pan & Channel Tres - (2021) Tunnel (Remixes) EP - 03. Tunnel (You Man remix).flac
/Volumes/dotad/MUSIC/tres/Polo & Pan & Channel Tres - (2021) Tunnel (Remixes) EP - 04. Tunnel (Acid Arab remix) (1).flac -> /Volumes/dotad/_quarantine_delude/tres-20251001-042054/Polo & Pan & Channel Tres - (2021) Tunnel (Remixes) EP - 04. Tunnel (Acid Arab remix) (1).flac
/Volumes/dotad/MUSIC/tres/Polo & Pan & Channel Tres - (2021) Tunnel (Remixes) EP - 04. Tunnel (Acid Arab remix).flac -> /Volumes/dotad/_quarantine_delude/tres-20251001-042054/Polo & Pan & Channel Tres - (2021) Tunnel (Remixes) EP - 04. Tunnel (Acid Arab remix).flac
/Volumes/dotad/MUSIC/tres/Rhye - (2018) Blood Remixed - 10. Stay Safe (Channel Tres remix).flac -> /Volumes/dotad/_quarantine_delude/tres-20251001-042054/Rhye - (2018) Blood Remixed - 10. Stay Safe (Channel Tres remix).flac
/Volumes/dotad/MUSIC/tres/Robyn, SG Lewis & Channel Tres - (2020) Impact (Soulwax remix) (single) - 01. Impact (Soulwax remix) (1).flac -> /Volumes/dotad/_quarantine_delude/tres-20251001-042054/Robyn, SG Lewis & Channel Tres - (2020) Impact (Soulwax remix) (single) - 01. Impact (Soulwax remix) (1).flac
/Volumes/dotad/MUSIC/tres/Robyn, SG Lewis & Channel Tres - (2020) Impact (Soulwax remix) (single) - 01. Impact (Soulwax remix).flac -> /Volumes/dotad/_quarantine_delude/tres-20251001-042054/Robyn, SG Lewis & Channel Tres - (2020) Impact (Soulwax remix) (single) - 01. Impact (Soulwax remix).flac
/Volumes/dotad/MUSIC/tres/SG Lewis feat. Charlotte Day Wilson & Channel Tres - (2023) Fever Dreamer (single) - 01. Fever Dreamer.flac -> /Volumes/dotad/_quarantine_delude/tres-20251001-042054/SG Lewis feat. Charlotte Day Wilson & Channel Tres - (2023) Fever Dreamer (single) - 01. Fever Dreamer.flac
/Volumes/dotad/MUSIC/tres/SG Lewis feat. Robyn & Channel Tres - (2020) Impact (single) - 01. Impact (1).flac -> /Volumes/dotad/_quarantine_delude/tres-20251001-042054/SG Lewis feat. Robyn & Channel Tres - (2020) Impact (single) - 01. Impact (1).flac
/Volumes/dotad/MUSIC/tres/SG Lewis feat. Robyn & Channel Tres - (2020) Impact (single) - 01. Impact.flac -> /Volumes/dotad/_quarantine_delude/tres-20251001-042054/SG Lewis feat. Robyn & Channel Tres - (2020) Impact (single) - 01. Impact.flac
/Volumes/dotad/MUSIC/tres/SG Lewis, Charlotte Day Wilson & Channel Tres - (2023) Fever Dreamer (single) - 01. Fever Dreamer.flac -> /Volumes/dotad/_quarantine_delude/tres-20251001-042054/SG Lewis, Charlotte Day Wilson & Channel Tres - (2023) Fever Dreamer (single) - 01. Fever Dreamer.flac
/Volumes/dotad/MUSIC/tres/Terrace Martin - (2023) Chucks (feat. Channel Tres) - Single - 01. Chucks (feat. Channel Tres).flac -> /Volumes/dotad/_quarantine_delude/tres-20251001-042054/Terrace Martin - (2023) Chucks (feat. Channel Tres) - Single - 01. Chucks (feat. Channel Tres).flac
/Volumes/dotad/MUSIC/tres/TOKiMONSTA & Channel Tres - (2021) Naked (single) - 01. Naked (1).flac -> /Volumes/dotad/_quarantine_delude/tres-20251001-042054/TOKiMONSTA & Channel Tres - (2021) Naked (single) - 01. Naked (1).flac
/Volumes/dotad/MUSIC/tres/TOKiMONSTA & Channel Tres - (2021) Naked (single) - 01. Naked (2).flac -> /Volumes/dotad/_quarantine_delude/tres-20251001-042054/TOKiMONSTA & Channel Tres - (2021) Naked (single) - 01. Naked (2).flac
/Volumes/dotad/MUSIC/tres/TOKiMONSTA & Channel Tres - (2021) Naked (single) - 01. Naked (3).flac -> /Volumes/dotad/_quarantine_delude/tres-20251001-042054/TOKiMONSTA & Channel Tres - (2021) Naked (single) - 01. Naked (3).flac
/Volumes/dotad/MUSIC/tres/TOKiMONSTA & Channel Tres - (2021) Naked (single) - 01. Naked (4).flac -> /Volumes/dotad/_quarantine_delude/tres-20251001-042054/TOKiMONSTA & Channel Tres - (2021) Naked (single) - 01. Naked (4).flac
/Volumes/dotad/MUSIC/tres/TOKiMONSTA & Channel Tres - (2021) Naked (single) - 01. Naked.flac -> /Volumes/dotad/_quarantine_delude/tres-20251001-042054/TOKiMONSTA & Channel Tres - (2021) Naked (single) - 01. Naked.flac
/Volumes/dotad/MUSIC/tres/Toro y Moi - (2019) Who I Am (Channel Tres remix) (single) - 01. Who I Am (Channel Tres remix).flac -> /Volumes/dotad/_quarantine_delude/tres-20251001-042054/Toro y Moi - (2019) Who I Am (Channel Tres remix) (single) - 01. Who I Am (Channel Tres remix).flac
/Volumes/dotad/MUSIC/tres/ZERB - (2025) 24h in a Disco (feat. Channel Tres & Kiki Gyan) - Single - 01. 24h in a Disco (feat. Channel Tres & Kiki Gyan) (1).flac -> /Volumes/dotad/_quarantine_delude/tres-20251001-042054/ZERB - (2025) 24h in a Disco (feat. Channel Tres & Kiki Gyan) - Single - 01. 24h in a Disco (feat. Channel Tres & Kiki Gyan) (1).flac
/Volumes/dotad/MUSIC/tres/ZERB - (2025) 24h in a Disco (feat. Channel Tres & Kiki Gyan) - Single - 01. 24h in a Disco (feat. Channel Tres & Kiki Gyan).flac -> /Volumes/dotad/_quarantine_delude/tres-20251001-042054/ZERB - (2025) 24h in a Disco (feat. Channel Tres & Kiki Gyan) - Single - 01. 24h in a Disco (feat. Channel Tres & Kiki Gyan).flac
Move complete. Quarantine location: /Volumes/dotad/_quarantine_delude/tres-20251001-042054
=== Completed at Wed Oct  1 04:20:54 EEST 2025 ===
